# JRE version: Java(TM) SE Runtime Environment (8.0-b132) (build 1.8.0-b132)
# Java VM: Java HotSpot(TM) 64-Bit Server VM (25.0-b70 mixed mode windows-amd64 compressed oops)
Heap:
 PSYoungGen      total 8192K, used 667K [0x00000000eb300000, 0x00000000ebd00000, 0x0000000100000000)
  eden space 6144K, 7% used [0x00000000eb300000,0x00000000eb36ed20,0x00000000eb900000)
  from space 2048K, 10% used [0x00000000eb900000,0x00000000eb938000,0x00000000ebb00000)
  to   space 2048K, 0% used [0x00000000ebb00000,0x00000000ebb00000,0x00000000ebd00000)
 ParOldGen       total 64000K, used 27486K [0x00000000c1800000, 0x00000000c5680000, 0x00000000eb300000)
  object space 64000K, 42% used [0x00000000c1800000,0x00000000c32d7990,0x00000000c5680000)
 Metaspace       used 18116K, capacity 18334K, committed 18432K, reserved 1064960K
  class space    used 2200K, capacity 2262K, committed 2304K, reserved 1048576K
GC Heap History (10 events):
Event: 99.849 GC heap before
{Heap before GC invocations=13 (full 0):
 PSYoungGen      total 7680K, used 7617K [0x00000000eb300000, 0x00000000ebd80000, 0x0000000100000000)
  eden space 6144K, 100% used [0x00000000eb300000,0x00000000eb900000,0x00000000eb900000)
  from space 1536K, 95% used [0x00000000ebb00000,0x00000000ebc706d0,0x00000000ebc80000)
  to   space 2048K, 0% used [0x00000000eb900000,0x00000000eb900000,0x00000000ebb00000)
 ParOldGen       total 64000K, used 23947K [0x00000000c1800000, 0x00000000c5680000, 0x00000000eb300000)
  object space 64000K, 37% used [0x00000000c1800000,0x00000000c2f62d28,0x00000000c5680000)
 Metaspace       used 15377K, capacity 15544K, committed 15872K, reserved 1062912K
  class space    used 1952K, capacity 1973K, committed 2048K, reserved 1048576K
Event: 99.853 GC heap after
Heap after GC invocations=13 (full 0):
 PSYoungGen      total 8192K, used 352K [0x00000000eb300000, 0x00000000ebd00000, 0x0000000100000000)
  eden space 6144K, 0% used [0x00000000eb300000,0x00000000eb300000,0x00000000eb900000)
  from space 2048K, 17% used [0x00000000eb900000,0x00000000eb958000,0x00000000ebb00000)
  to   space 2048K, 0% used [0x00000000ebb00000,0x00000000ebb00000,0x00000000ebd00000)
 ParOldGen       total 64000K, used 25728K [0x00000000c1800000, 0x00000000c5680000, 0x00000000eb300000)
  object space 64000K, 40% used [0x00000000c1800000,0x00000000c3120150,0x00000000c5680000)
 Metaspace       used 15377K, capacity 15544K, committed 15872K, reserved 1062912K
  class space    used 1952K, capacity 1973K, committed 2048K, reserved 1048576K
}
Event: 103.326 GC heap before
{Heap before GC invocations=14 (full 0):
 PSYoungGen      total 8192K, used 6496K [0x00000000eb300000, 0x00000000ebd00000, 0x0000000100000000)
  eden space 6144K, 100% used [0x00000000eb300000,0x00000000eb900000,0x00000000eb900000)
  from space 2048K, 17% used [0x00000000eb900000,0x00000000eb958000,0x00000000ebb00000)
  to   space 2048K, 0% used [0x00000000ebb00000,0x00000000ebb00000,0x00000000ebd00000)
 ParOldGen       total 64000K, used 25728K [0x00000000c1800000, 0x00000000c5680000, 0x00000000eb300000)
  object space 64000K, 40% used [0x00000000c1800000,0x00000000c3120150,0x00000000c5680000)
 Metaspace       used 17971K, capacity 18206K, committed 18432K, reserved 1064960K
  class space    used 2199K, capacity 2262K, committed 2304K, reserved 1048576K
Event: 103.331 GC heap after
Heap after GC invocations=14 (full 0):
 PSYoungGen      total 8192K, used 1781K [0x00000000eb300000, 0x00000000ebd00000, 0x0000000100000000)
  eden space 6144K, 0% used [0x00000000eb300000,0x00000000eb300000,0x00000000eb900000)
  from space 2048K, 86% used [0x00000000ebb00000,0x00000000ebcbd578,0x00000000ebd00000)
  to   space 2048K, 0% used [0x00000000eb900000,0x00000000eb900000,0x00000000ebb00000)
 ParOldGen       total 64000K, used 25947K [0x00000000c1800000, 0x00000000c5680000, 0x00000000eb300000)
  object space 64000K, 40% used [0x00000000c1800000,0x00000000c3156e98,0x00000000c5680000)
 Metaspace       used 17971K, capacity 18206K, committed 18432K, reserved 1064960K
  class space    used 2199K, capacity 2262K, committed 2304K, reserved 1048576K
}
Event: 104.667 GC heap before
{Heap before GC invocations=15 (full 0):
 PSYoungGen      total 8192K, used 7925K [0x00000000eb300000, 0x00000000ebd00000, 0x0000000100000000)
  eden space 6144K, 100% used [0x00000000eb300000,0x00000000eb900000,0x00000000eb900000)
  from space 2048K, 86% used [0x00000000ebb00000,0x00000000ebcbd578,0x00000000ebd00000)
  to   space 2048K, 0% used [0x00000000eb900000,0x00000000eb900000,0x00000000ebb00000)
 ParOldGen       total 64000K, used 25947K [0x00000000c1800000, 0x00000000c5680000, 0x00000000eb300000)
  object space 64000K, 40% used [0x00000000c1800000,0x00000000c3156e98,0x00000000c5680000)
 Metaspace       used 18012K, capacity 18206K, committed 18432K, reserved 1064960K
  class space    used 2199K, capacity 2262K, committed 2304K, reserved 1048576K
Event: 104.670 GC heap after
Heap after GC invocations=15 (full 0):
 PSYoungGen      total 8192K, used 416K [0x00000000eb300000, 0x00000000ebd00000, 0x0000000100000000)
  eden space 6144K, 0% used [0x00000000eb300000,0x00000000eb300000,0x00000000eb900000)
  from space 2048K, 20% used [0x00000000eb900000,0x00000000eb968000,0x00000000ebb00000)
  to   space 2048K, 0% used [0x00000000ebb00000,0x00000000ebb00000,0x00000000ebd00000)
 ParOldGen       total 64000K, used 26916K [0x00000000c1800000, 0x00000000c5680000, 0x00000000eb300000)
  object space 64000K, 42% used [0x00000000c1800000,0x00000000c3249140,0x00000000c5680000)
 Metaspace       used 18012K, capacity 18206K, committed 18432K, reserved 1064960K
  class space    used 2199K, capacity 2262K, committed 2304K, reserved 1048576K
}
Event: 106.963 GC heap before
{Heap before GC invocations=16 (full 0):
 PSYoungGen      total 8192K, used 6560K [0x00000000eb300000, 0x00000000ebd00000, 0x0000000100000000)
  eden space 6144K, 100% used [0x00000000eb300000,0x00000000eb900000,0x00000000eb900000)
  from space 2048K, 20% used [0x00000000eb900000,0x00000000eb968000,0x00000000ebb00000)
  to   space 2048K, 0% used [0x00000000ebb00000,0x00000000ebb00000,0x00000000ebd00000)
 ParOldGen       total 64000K, used 26916K [0x00000000c1800000, 0x00000000c5680000, 0x00000000eb300000)
  object space 64000K, 42% used [0x00000000c1800000,0x00000000c3249140,0x00000000c5680000)
 Metaspace       used 18055K, capacity 18270K, committed 18432K, reserved 1064960K
  class space    used 2199K, capacity 2262K, committed 2304K, reserved 1048576K
Event: 106.965 GC heap after
Heap after GC invocations=16 (full 0):
 PSYoungGen      total 8192K, used 320K [0x00000000eb300000, 0x00000000ebd00000, 0x0000000100000000)
  eden space 6144K, 0% used [0x00000000eb300000,0x00000000eb300000,0x00000000eb900000)
  from space 2048K, 15% used [0x00000000ebb00000,0x00000000ebb50000,0x00000000ebd00000)
  to   space 2048K, 0% used [0x00000000eb900000,0x00000000eb900000,0x00000000ebb00000)
 ParOldGen       total 64000K, used 27225K [0x00000000c1800000, 0x00000000c5680000, 0x00000000eb300000)
  object space 64000K, 42% used [0x00000000c1800000,0x00000000c3296720,0x00000000c5680000)
 Metaspace       used 18055K, capacity 18270K, committed 18432K, reserved 1064960K
  class space    used 2199K, capacity 2262K, committed 2304K, reserved 1048576K
}
Event: 113.503 GC heap before
{Heap before GC invocations=17 (full 0):
 PSYoungGen      total 8192K, used 6464K [0x00000000eb300000, 0x00000000ebd00000, 0x0000000100000000)
  eden space 6144K, 100% used [0x00000000eb300000,0x00000000eb900000,0x00000000eb900000)
  from space 2048K, 15% used [0x00000000ebb00000,0x00000000ebb50000,0x00000000ebd00000)
  to   space 2048K, 0% used [0x00000000eb900000,0x00000000eb900000,0x00000000ebb00000)
 ParOldGen       total 64000K, used 27225K [0x00000000c1800000, 0x00000000c5680000, 0x00000000eb300000)
  object space 64000K, 42% used [0x00000000c1800000,0x00000000c3296720,0x00000000c5680000)
 Metaspace       used 18114K, capacity 18334K, committed 18432K, reserved 1064960K
  class space    used 2200K, capacity 2262K, committed 2304K, reserved 1048576K
Event: 113.504 GC heap after
Heap after GC invocations=17 (full 0):
 PSYoungGen      total 8192K, used 224K [0x00000000eb300000, 0x00000000ebd00000, 0x0000000100000000)
  eden space 6144K, 0% used [0x00000000eb300000,0x00000000eb300000,0x00000000eb900000)
  from space 2048K, 10% used [0x00000000eb900000,0x00000000eb938000,0x00000000ebb00000)
  to   space 2048K, 0% used [0x00000000ebb00000,0x00000000ebb00000,0x00000000ebd00000)
 ParOldGen       total 64000K, used 27486K [0x00000000c1800000, 0x00000000c5680000, 0x00000000eb300000)
  object space 64000K, 42% used [0x00000000c1800000,0x00000000c32d7990,0x00000000c5680000)
 Metaspace       used 18114K, capacity 18334K, committed 18432K, reserved 1064960K
  class space    used 2200K, capacity 2262K, committed 2304K, reserved 1048576K
}

